<?xml version="1.0" encoding="UTF-8"?>
<testsuite xmlns:xsi="http://www.w3.org/2001/XMLSchema-instance" xsi:noNamespaceSchemaLocation="https://maven.apache.org/surefire/maven-surefire-plugin/xsd/surefire-test-report.xsd" name="txttopdf.AppTest" time="0.045" tests="1" errors="0" skipped="0" failures="0">
  <properties>
    <property name="java.specification.version" value="15"/>
    <property name="sun.jnu.encoding" value="UTF-8"/>
    <property name="java.class.path" value="/Users/adenhaussmann/Documents/Personal Projects/Text-To-PDF/txttopdf/target/test-classes:/Users/adenhaussmann/Documents/Personal Projects/Text-To-PDF/txttopdf/target/classes:/Users/adenhaussmann/.m2/repository/com/itextpdf/barcodes/7.1.13/barcodes-7.1.13.jar:/Users/adenhaussmann/.m2/repository/com/itextpdf/font-asian/7.1.13/font-asian-7.1.13.jar:/Users/adenhaussmann/.m2/repository/com/itextpdf/forms/7.1.13/forms-7.1.13.jar:/Users/adenhaussmann/.m2/repository/com/itextpdf/hyph/7.1.13/hyph-7.1.13.jar:/Users/adenhaussmann/.m2/repository/com/itextpdf/io/7.1.13/io-7.1.13.jar:/Users/adenhaussmann/.m2/repository/com/itextpdf/pdfa/7.1.13/pdfa-7.1.13.jar:/Users/adenhaussmann/.m2/repository/com/itextpdf/sign/7.1.13/sign-7.1.13.jar:/Users/adenhaussmann/.m2/repository/com/itextpdf/styled-xml-parser/7.1.13/styled-xml-parser-7.1.13.jar:/Users/adenhaussmann/.m2/repository/com/itextpdf/svg/7.1.13/svg-7.1.13.jar:/Users/adenhaussmann/.m2/repository/com/itextpdf/kernel/7.1.13/kernel-7.1.13.jar:/Users/adenhaussmann/.m2/repository/org/bouncycastle/bcpkix-jdk15on/1.64/bcpkix-jdk15on-1.64.jar:/Users/adenhaussmann/.m2/repository/org/bouncycastle/bcprov-jdk15on/1.64/bcprov-jdk15on-1.64.jar:/Users/adenhaussmann/.m2/repository/org/slf4j/slf4j-api/1.7.13/slf4j-api-1.7.13.jar:/Users/adenhaussmann/.m2/repository/com/itextpdf/layout/7.1.13/layout-7.1.13.jar:/Users/adenhaussmann/.m2/repository/org/slf4j/slf4j-log4j12/1.7.18/slf4j-log4j12-1.7.18.jar:/Users/adenhaussmann/.m2/repository/log4j/log4j/1.2.17/log4j-1.2.17.jar:/Users/adenhaussmann/.m2/repository/junit/junit/4.11/junit-4.11.jar:/Users/adenhaussmann/.m2/repository/org/hamcrest/hamcrest-core/1.3/hamcrest-core-1.3.jar:"/>
    <property name="java.vm.vendor" value="Oracle Corporation"/>
    <property name="sun.arch.data.model" value="64"/>
    <property name="java.vendor.url" value="https://openjdk.java.net/"/>
    <property name="os.name" value="Mac OS X"/>
    <property name="java.vm.specification.version" value="15"/>
    <property name="sun.java.launcher" value="SUN_STANDARD"/>
    <property name="user.country" value="ZA"/>
    <property name="sun.boot.library.path" value="/usr/local/Cellar/openjdk/15.0.1/libexec/openjdk.jdk/Contents/Home/lib"/>
    <property name="sun.java.command" value="/Users/adenhaussmann/Documents/Personal Projects/Text-To-PDF/txttopdf/target/surefire/surefirebooter15878325069361626466.jar /Users/adenhaussmann/Documents/Personal Projects/Text-To-PDF/txttopdf/target/surefire 2021-01-04T12-21-27_868-jvmRun1 surefire5164559493398218058tmp surefire_012143789953099965003tmp"/>
    <property name="http.nonProxyHosts" value="local|*.local|169.254/16|*.169.254/16"/>
    <property name="jdk.debug" value="release"/>
    <property name="surefire.test.class.path" value="/Users/adenhaussmann/Documents/Personal Projects/Text-To-PDF/txttopdf/target/test-classes:/Users/adenhaussmann/Documents/Personal Projects/Text-To-PDF/txttopdf/target/classes:/Users/adenhaussmann/.m2/repository/com/itextpdf/barcodes/7.1.13/barcodes-7.1.13.jar:/Users/adenhaussmann/.m2/repository/com/itextpdf/font-asian/7.1.13/font-asian-7.1.13.jar:/Users/adenhaussmann/.m2/repository/com/itextpdf/forms/7.1.13/forms-7.1.13.jar:/Users/adenhaussmann/.m2/repository/com/itextpdf/hyph/7.1.13/hyph-7.1.13.jar:/Users/adenhaussmann/.m2/repository/com/itextpdf/io/7.1.13/io-7.1.13.jar:/Users/adenhaussmann/.m2/repository/com/itextpdf/pdfa/7.1.13/pdfa-7.1.13.jar:/Users/adenhaussmann/.m2/repository/com/itextpdf/sign/7.1.13/sign-7.1.13.jar:/Users/adenhaussmann/.m2/repository/com/itextpdf/styled-xml-parser/7.1.13/styled-xml-parser-7.1.13.jar:/Users/adenhaussmann/.m2/repository/com/itextpdf/svg/7.1.13/svg-7.1.13.jar:/Users/adenhaussmann/.m2/repository/com/itextpdf/kernel/7.1.13/kernel-7.1.13.jar:/Users/adenhaussmann/.m2/repository/org/bouncycastle/bcpkix-jdk15on/1.64/bcpkix-jdk15on-1.64.jar:/Users/adenhaussmann/.m2/repository/org/bouncycastle/bcprov-jdk15on/1.64/bcprov-jdk15on-1.64.jar:/Users/adenhaussmann/.m2/repository/org/slf4j/slf4j-api/1.7.13/slf4j-api-1.7.13.jar:/Users/adenhaussmann/.m2/repository/com/itextpdf/layout/7.1.13/layout-7.1.13.jar:/Users/adenhaussmann/.m2/repository/org/slf4j/slf4j-log4j12/1.7.18/slf4j-log4j12-1.7.18.jar:/Users/adenhaussmann/.m2/repository/log4j/log4j/1.2.17/log4j-1.2.17.jar:/Users/adenhaussmann/.m2/repository/junit/junit/4.11/junit-4.11.jar:/Users/adenhaussmann/.m2/repository/org/hamcrest/hamcrest-core/1.3/hamcrest-core-1.3.jar:"/>
    <property name="sun.cpu.endian" value="little"/>
    <property name="user.home" value="/Users/adenhaussmann"/>
    <property name="user.language" value="en"/>
    <property name="java.specification.vendor" value="Oracle Corporation"/>
    <property name="java.version.date" value="2020-10-20"/>
    <property name="java.home" value="/usr/local/Cellar/openjdk/15.0.1/libexec/openjdk.jdk/Contents/Home"/>
    <property name="file.separator" value="/"/>
    <property name="basedir" value="/Users/adenhaussmann/Documents/Personal Projects/Text-To-PDF/txttopdf"/>
    <property name="java.vm.compressedOopsMode" value="Zero based"/>
    <property name="line.separator" value="&#10;"/>
    <property name="java.specification.name" value="Java Platform API Specification"/>
    <property name="java.vm.specification.vendor" value="Oracle Corporation"/>
    <property name="surefire.real.class.path" value="/Users/adenhaussmann/Documents/Personal Projects/Text-To-PDF/txttopdf/target/surefire/surefirebooter15878325069361626466.jar"/>
    <property name="sun.management.compiler" value="HotSpot 64-Bit Tiered Compilers"/>
    <property name="ftp.nonProxyHosts" value="local|*.local|169.254/16|*.169.254/16"/>
    <property name="java.runtime.version" value="15.0.1+9"/>
    <property name="user.name" value="adenhaussmann"/>
    <property name="path.separator" value=":"/>
    <property name="os.version" value="11.1"/>
    <property name="java.runtime.name" value="OpenJDK Runtime Environment"/>
    <property name="file.encoding" value="UTF-8"/>
    <property name="java.vm.name" value="OpenJDK 64-Bit Server VM"/>
    <property name="localRepository" value="/Users/adenhaussmann/.m2/repository"/>
    <property name="java.vendor.url.bug" value="https://bugreport.java.com/bugreport/"/>
    <property name="java.io.tmpdir" value="/var/folders/8d/269cqj0513n_v021c1k8q_tm0000gn/T/"/>
    <property name="java.version" value="15.0.1"/>
    <property name="user.dir" value="/Users/adenhaussmann/Documents/Personal Projects/Text-To-PDF/txttopdf"/>
    <property name="os.arch" value="x86_64"/>
    <property name="java.vm.specification.name" value="Java Virtual Machine Specification"/>
    <property name="java.library.path" value="/Users/adenhaussmann/Library/Java/Extensions:/Library/Java/Extensions:/Network/Library/Java/Extensions:/System/Library/Java/Extensions:/usr/lib/java:."/>
    <property name="java.vm.info" value="mixed mode, sharing"/>
    <property name="java.vendor" value="N/A"/>
    <property name="java.vm.version" value="15.0.1+9"/>
    <property name="sun.io.unicode.encoding" value="UnicodeBig"/>
    <property name="socksNonProxyHosts" value="local|*.local|169.254/16|*.169.254/16"/>
    <property name="java.class.version" value="59.0"/>
  </properties>
  <testcase name="shouldAnswerWithTrue" classname="txttopdf.AppTest" time="0.002"/>
</testsuite>